0 info it worked if it ends with ok
1 verbose cli [ 'node', '/usr/local/bin/npm', 'install', 'Pillow' ]
2 info using npm@1.4.28
3 info using node@v0.10.33
4 verbose cache add [ 'Pillow', null ]
5 verbose cache add name=undefined spec="Pillow" args=["Pillow",null]
6 verbose parsed url { protocol: null,
6 verbose parsed url   slashes: null,
6 verbose parsed url   auth: null,
6 verbose parsed url   host: null,
6 verbose parsed url   port: null,
6 verbose parsed url   hostname: null,
6 verbose parsed url   hash: null,
6 verbose parsed url   search: null,
6 verbose parsed url   query: null,
6 verbose parsed url   pathname: 'Pillow',
6 verbose parsed url   path: 'Pillow',
6 verbose parsed url   href: 'Pillow' }
7 silly lockFile 24af4ecf-Pillow Pillow
8 verbose lock Pillow /Users/egl_admin/.npm/24af4ecf-Pillow.lock
9 silly lockFile 24af4ecf-Pillow Pillow
10 silly lockFile 24af4ecf-Pillow Pillow
11 verbose addNamed [ 'Pillow', '' ]
12 verbose addNamed [ null, '*' ]
13 silly lockFile 7d1c37f2-Pillow Pillow@
14 verbose lock Pillow@ /Users/egl_admin/.npm/7d1c37f2-Pillow.lock
15 silly addNameRange { name: 'Pillow', range: '*', hasData: false }
16 verbose request where is /Pillow
17 verbose request registry https://registry.npmjs.org/
18 verbose request id 7b615ce811f338d0
19 verbose url raw /Pillow
20 verbose url resolving [ 'https://registry.npmjs.org/', './Pillow' ]
21 verbose url resolved https://registry.npmjs.org/Pillow
22 verbose request where is https://registry.npmjs.org/Pillow
23 info trying registry request attempt 1 at 14:14:39
24 http GET https://registry.npmjs.org/Pillow
25 http 404 https://registry.npmjs.org/Pillow
26 verbose headers { server: 'CouchDB/1.5.0 (Erlang OTP/R16B03)',
26 verbose headers   'content-type': 'application/json',
26 verbose headers   'cache-control': 'max-age=0',
26 verbose headers   'content-length': '51',
26 verbose headers   'accept-ranges': 'bytes',
26 verbose headers   date: 'Fri, 10 Jul 2015 18:14:39 GMT',
26 verbose headers   via: '1.1 varnish',
26 verbose headers   age: '0',
26 verbose headers   connection: 'keep-alive',
26 verbose headers   'x-served-by': 'cache-jfk1033-JFK',
26 verbose headers   'x-cache': 'MISS',
26 verbose headers   'x-cache-hits': '0',
26 verbose headers   'x-timer': 'S1436552079.288290,VS0,VE89' }
27 silly registry.get cb [ 404,
27 silly registry.get   { server: 'CouchDB/1.5.0 (Erlang OTP/R16B03)',
27 silly registry.get     'content-type': 'application/json',
27 silly registry.get     'cache-control': 'max-age=0',
27 silly registry.get     'content-length': '51',
27 silly registry.get     'accept-ranges': 'bytes',
27 silly registry.get     date: 'Fri, 10 Jul 2015 18:14:39 GMT',
27 silly registry.get     via: '1.1 varnish',
27 silly registry.get     age: '0',
27 silly registry.get     connection: 'keep-alive',
27 silly registry.get     'x-served-by': 'cache-jfk1033-JFK',
27 silly registry.get     'x-cache': 'MISS',
27 silly registry.get     'x-cache-hits': '0',
27 silly registry.get     'x-timer': 'S1436552079.288290,VS0,VE89' } ]
28 silly lockFile 7d1c37f2-Pillow Pillow@
29 silly lockFile 7d1c37f2-Pillow Pillow@
30 error 404 404 Not Found: Pillow
30 error 404
30 error 404 'Pillow' is not in the npm registry.
30 error 404 You should bug the author to publish it
30 error 404
30 error 404 Note that you can also install from a
30 error 404 tarball, folder, or http url, or git url.
31 error System Darwin 14.3.0
32 error command "node" "/usr/local/bin/npm" "install" "Pillow"
33 error cwd /Users/egl_admin/Developer/git-repositories/NewsPix
34 error node -v v0.10.33
35 error npm -v 1.4.28
36 error code E404
37 verbose exit [ 1, true ]
